2025-04-18 19:50:37 INFO log.py:21: Yasb v1.6.9
2025-04-18 19:50:37 INFO config.py:61: Created default config file at C:\Users\kekan\.config\yasb\config.yaml
2025-04-18 19:50:37 INFO config.py:75: Created default stylesheet at C:\Users\kekan\.config\yasb\styles.css
2025-04-18 19:50:40 DEBUG win32.py:55: Looking up time zone info from registry
2025-04-18 19:50:40 INFO log.py:21: Yasb v1.6.9
2025-04-18 19:50:40 ERROR main.py:34: Another instance of the YASB is already running.
2025-04-18 19:50:56 INFO weather.py:369: Fetched new weather data at 2025-04-18 19:50:56.375810
2025-04-18 19:50:56 DEBUG __init__.py:149: CoInitializeEx(None, 2)
2025-04-18 19:51:01 INFO watcher.py:39: Created file watcher for path C:\Users\kekan\.config\yasb
2025-04-18 19:51:01 INFO event_listener.py:53: Created named pipe yasb-b10dd9fa-1c7d-11f0-a3bf-c85acfdea0a2
2025-04-18 19:51:02 INFO event_listener.py:125: Komorebi connected to named pipe: yasb-b10dd9fa-1c7d-11f0-a3bf-c85acfdea0a2
2025-04-18 19:51:02 DEBUG _windows.py:213: Starting (proactor: <_IocpProactor overlapped#=0 result#=0>)...
2025-04-18 19:51:02 DEBUG _windows.py:192: Thread started
2025-04-18 19:53:25 INFO controller.py:12: Reloading Application because of config update...
2025-04-18 19:53:25 DEBUG _windows.py:218: Stopping worker thread...
2025-04-18 19:53:25 DEBUG _windows.py:201: Exiting thread
2025-04-18 19:53:25 DEBUG _windows.py:75: Closing
2025-04-18 19:53:26 INFO log.py:21: Yasb v1.6.9
2025-04-18 19:53:26 DEBUG win32.py:55: Looking up time zone info from registry
2025-04-18 19:53:26 INFO weather.py:369: Fetched new weather data at 2025-04-18 19:53:26.938461
2025-04-18 19:53:26 DEBUG __init__.py:149: CoInitializeEx(None, 2)
2025-04-18 19:53:28 INFO watcher.py:39: Created file watcher for path C:\Users\kekan\.config\yasb
2025-04-18 19:53:28 INFO event_listener.py:53: Created named pipe yasb-08bab296-1c7e-11f0-8e01-c85acfdea0a2
2025-04-18 19:53:28 DEBUG _windows.py:213: Starting (proactor: <_IocpProactor overlapped#=0 result#=0>)...
2025-04-18 19:53:28 DEBUG _windows.py:192: Thread started
2025-04-18 19:53:28 INFO event_listener.py:125: Komorebi connected to named pipe: yasb-08bab296-1c7e-11f0-8e01-c85acfdea0a2
2025-04-18 19:53:39 INFO controller.py:12: Reloading Application because of config update...
2025-04-18 19:53:39 DEBUG _windows.py:218: Stopping worker thread...
2025-04-18 19:53:39 DEBUG _windows.py:201: Exiting thread
2025-04-18 19:53:39 DEBUG _windows.py:75: Closing
2025-04-18 19:53:39 INFO log.py:21: Yasb v1.6.9
2025-04-18 19:53:40 DEBUG win32.py:55: Looking up time zone info from registry
2025-04-18 19:53:40 INFO weather.py:369: Fetched new weather data at 2025-04-18 19:53:40.574153
2025-04-18 19:53:40 DEBUG __init__.py:149: CoInitializeEx(None, 2)
2025-04-18 19:53:42 INFO watcher.py:39: Created file watcher for path C:\Users\kekan\.config\yasb
2025-04-18 19:53:42 INFO event_listener.py:53: Created named pipe yasb-10d94143-1c7e-11f0-8dc6-c85acfdea0a2
2025-04-18 19:53:42 DEBUG _windows.py:213: Starting (proactor: <_IocpProactor overlapped#=0 result#=0>)...
2025-04-18 19:53:42 DEBUG _windows.py:192: Thread started
2025-04-18 19:53:42 INFO event_listener.py:125: Komorebi connected to named pipe: yasb-10d94143-1c7e-11f0-8dc6-c85acfdea0a2
2025-04-18 19:54:18 INFO controller.py:12: Reloading Application because of config update...
2025-04-18 19:54:18 DEBUG _windows.py:218: Stopping worker thread...
2025-04-18 19:54:18 DEBUG _windows.py:201: Exiting thread
2025-04-18 19:54:18 DEBUG _windows.py:75: Closing
2025-04-18 19:54:19 INFO log.py:21: Yasb v1.6.9
2025-04-18 19:54:19 DEBUG win32.py:55: Looking up time zone info from registry
2025-04-18 19:54:19 INFO weather.py:369: Fetched new weather data at 2025-04-18 19:54:19.850963
2025-04-18 19:54:19 DEBUG __init__.py:149: CoInitializeEx(None, 2)
2025-04-18 19:54:21 INFO watcher.py:39: Created file watcher for path C:\Users\kekan\.config\yasb
2025-04-18 19:54:21 INFO event_listener.py:53: Created named pipe yasb-282f7b4e-1c7e-11f0-9b4b-c85acfdea0a2
2025-04-18 19:54:21 DEBUG _windows.py:213: Starting (proactor: <_IocpProactor overlapped#=0 result#=0>)...
2025-04-18 19:54:21 DEBUG _windows.py:192: Thread started
2025-04-18 19:54:21 INFO event_listener.py:125: Komorebi connected to named pipe: yasb-282f7b4e-1c7e-11f0-9b4b-c85acfdea0a2
2025-04-18 19:54:52 INFO controller.py:12: Reloading Application because of config update...
2025-04-18 19:54:52 DEBUG _windows.py:218: Stopping worker thread...
2025-04-18 19:54:52 DEBUG _windows.py:201: Exiting thread
2025-04-18 19:54:52 DEBUG _windows.py:75: Closing
2025-04-18 19:54:52 INFO log.py:21: Yasb v1.6.9
2025-04-18 19:54:52 DEBUG win32.py:55: Looking up time zone info from registry
2025-04-18 19:54:53 INFO weather.py:369: Fetched new weather data at 2025-04-18 19:54:53.304986
2025-04-18 19:54:53 DEBUG __init__.py:149: CoInitializeEx(None, 2)
2025-04-18 19:54:54 INFO watcher.py:39: Created file watcher for path C:\Users\kekan\.config\yasb
2025-04-18 19:54:54 INFO event_listener.py:53: Created named pipe yasb-3c2804d3-1c7e-11f0-bf4d-c85acfdea0a2
2025-04-18 19:54:55 DEBUG _windows.py:213: Starting (proactor: <_IocpProactor overlapped#=0 result#=0>)...
2025-04-18 19:54:55 DEBUG _windows.py:192: Thread started
2025-04-18 19:54:55 INFO event_listener.py:125: Komorebi connected to named pipe: yasb-3c2804d3-1c7e-11f0-bf4d-c85acfdea0a2
2025-04-18 19:56:41 INFO controller.py:12: Reloading Application because of config update...
2025-04-18 19:56:41 DEBUG _windows.py:218: Stopping worker thread...
2025-04-18 19:56:41 DEBUG _windows.py:201: Exiting thread
2025-04-18 19:56:41 DEBUG _windows.py:75: Closing
2025-04-18 19:56:42 INFO log.py:21: Yasb v1.6.9
2025-04-18 19:56:42 DEBUG win32.py:55: Looking up time zone info from registry
2025-04-18 19:56:42 INFO weather.py:369: Fetched new weather data at 2025-04-18 19:56:42.436682
2025-04-18 19:56:42 DEBUG __init__.py:149: CoInitializeEx(None, 2)
2025-04-18 19:56:44 INFO watcher.py:39: Created file watcher for path C:\Users\kekan\.config\yasb
2025-04-18 19:56:44 INFO event_listener.py:53: Created named pipe yasb-7d4ade67-1c7e-11f0-857e-c85acfdea0a2
2025-04-18 19:56:44 DEBUG _windows.py:213: Starting (proactor: <_IocpProactor overlapped#=0 result#=0>)...
2025-04-18 19:56:44 DEBUG _windows.py:192: Thread started
2025-04-18 19:56:44 INFO event_listener.py:125: Komorebi connected to named pipe: yasb-7d4ade67-1c7e-11f0-857e-c85acfdea0a2
2025-04-18 19:56:49 INFO controller.py:12: Reloading Application because of config update...
2025-04-18 19:56:49 DEBUG _windows.py:218: Stopping worker thread...
2025-04-18 19:56:49 DEBUG _windows.py:201: Exiting thread
2025-04-18 19:56:49 DEBUG _windows.py:75: Closing
2025-04-18 19:56:49 INFO log.py:21: Yasb v1.6.9
2025-04-18 19:56:49 DEBUG win32.py:55: Looking up time zone info from registry
2025-04-18 19:56:50 INFO weather.py:369: Fetched new weather data at 2025-04-18 19:56:50.148714
2025-04-18 19:56:50 DEBUG __init__.py:149: CoInitializeEx(None, 2)
2025-04-18 19:56:51 INFO watcher.py:39: Created file watcher for path C:\Users\kekan\.config\yasb
2025-04-18 19:56:51 INFO event_listener.py:53: Created named pipe yasb-81c8958b-1c7e-11f0-b545-c85acfdea0a2
2025-04-18 19:56:51 DEBUG _windows.py:213: Starting (proactor: <_IocpProactor overlapped#=0 result#=0>)...
2025-04-18 19:56:51 DEBUG _windows.py:192: Thread started
2025-04-18 19:56:51 INFO event_listener.py:125: Komorebi connected to named pipe: yasb-81c8958b-1c7e-11f0-b545-c85acfdea0a2
2025-04-18 19:57:11 INFO controller.py:12: Reloading Application because of config update...
2025-04-18 19:57:11 DEBUG _windows.py:218: Stopping worker thread...
2025-04-18 19:57:11 DEBUG _windows.py:201: Exiting thread
2025-04-18 19:57:11 DEBUG _windows.py:75: Closing
2025-04-18 19:57:11 ERROR event_service.py:30: Failed to emit signal <bound PYQT_SIGNAL k_signal_update of WorkspaceWidget object at 0x00000219FAEB7430>. Removing link to KomorebiEvent.KomorebiUpdate.
2025-04-18 19:57:12 INFO log.py:21: Yasb v1.6.9
2025-04-18 19:57:12 DEBUG win32.py:55: Looking up time zone info from registry
2025-04-18 19:57:12 INFO weather.py:369: Fetched new weather data at 2025-04-18 19:57:12.777966
2025-04-18 19:57:12 DEBUG __init__.py:149: CoInitializeEx(None, 2)
2025-04-18 19:57:14 INFO watcher.py:39: Created file watcher for path C:\Users\kekan\.config\yasb
2025-04-18 19:57:14 INFO event_listener.py:53: Created named pipe yasb-8f3dfbad-1c7e-11f0-b93e-c85acfdea0a2
2025-04-18 19:57:14 DEBUG _windows.py:213: Starting (proactor: <_IocpProactor overlapped#=0 result#=0>)...
2025-04-18 19:57:14 DEBUG _windows.py:192: Thread started
2025-04-18 19:57:14 INFO event_listener.py:125: Komorebi connected to named pipe: yasb-8f3dfbad-1c7e-11f0-b93e-c85acfdea0a2
2025-04-18 20:00:23 INFO controller.py:12: Reloading Application because of config update...
2025-04-18 20:00:23 DEBUG _windows.py:218: Stopping worker thread...
2025-04-18 20:00:23 DEBUG _windows.py:201: Exiting thread
2025-04-18 20:00:23 DEBUG _windows.py:75: Closing
2025-04-18 20:00:23 INFO log.py:21: Yasb v1.6.9
2025-04-18 20:00:23 DEBUG win32.py:55: Looking up time zone info from registry
2025-04-18 20:00:24 INFO weather.py:369: Fetched new weather data at 2025-04-18 20:00:24.330553
2025-04-18 20:00:24 DEBUG __init__.py:149: CoInitializeEx(None, 2)
2025-04-18 20:00:25 INFO watcher.py:39: Created file watcher for path C:\Users\kekan\.config\yasb
2025-04-18 20:00:25 INFO event_listener.py:53: Created named pipe yasb-0178ca71-1c7f-11f0-8b69-c85acfdea0a2
2025-04-18 20:00:26 DEBUG _windows.py:213: Starting (proactor: <_IocpProactor overlapped#=0 result#=0>)...
2025-04-18 20:00:26 DEBUG _windows.py:192: Thread started
2025-04-18 20:00:26 INFO event_listener.py:125: Komorebi connected to named pipe: yasb-0178ca71-1c7f-11f0-8b69-c85acfdea0a2
2025-04-18 20:00:37 INFO controller.py:12: Reloading Application because of config update...
2025-04-18 20:00:37 DEBUG _windows.py:218: Stopping worker thread...
2025-04-18 20:00:37 DEBUG _windows.py:201: Exiting thread
2025-04-18 20:00:37 DEBUG _windows.py:75: Closing
2025-04-18 20:00:38 INFO log.py:21: Yasb v1.6.9
2025-04-18 20:00:38 DEBUG win32.py:55: Looking up time zone info from registry
2025-04-18 20:00:38 INFO weather.py:369: Fetched new weather data at 2025-04-18 20:00:38.823606
2025-04-18 20:00:38 DEBUG __init__.py:149: CoInitializeEx(None, 2)
2025-04-18 20:00:40 INFO watcher.py:39: Created file watcher for path C:\Users\kekan\.config\yasb
2025-04-18 20:00:40 INFO event_listener.py:53: Created named pipe yasb-0a2e547f-1c7f-11f0-ae73-c85acfdea0a2
2025-04-18 20:00:40 DEBUG _windows.py:213: Starting (proactor: <_IocpProactor overlapped#=0 result#=0>)...
2025-04-18 20:00:40 DEBUG _windows.py:192: Thread started
2025-04-18 20:00:40 INFO event_listener.py:125: Komorebi connected to named pipe: yasb-0a2e547f-1c7f-11f0-ae73-c85acfdea0a2
2025-04-18 20:10:38 INFO weather.py:369: Fetched new weather data at 2025-04-18 20:10:38.826247
2025-04-18 20:12:11 INFO controller.py:12: Reloading Application because of config update...
2025-04-18 20:12:11 DEBUG _windows.py:218: Stopping worker thread...
2025-04-18 20:12:11 DEBUG _windows.py:201: Exiting thread
2025-04-18 20:12:11 DEBUG _windows.py:75: Closing
2025-04-18 20:12:12 INFO log.py:21: Yasb v1.6.9
2025-04-18 20:12:12 DEBUG win32.py:55: Looking up time zone info from registry
2025-04-18 20:12:15 INFO weather.py:369: Fetched new weather data at 2025-04-18 20:12:15.781490
2025-04-18 20:12:15 DEBUG __init__.py:149: CoInitializeEx(None, 2)
2025-04-18 20:12:16 ERROR github.py:410: HTTP Error occurred: 401 - {"message":"Bad credentials","documentation_url":"https://docs.github.com/rest","status":"401"}
2025-04-18 20:12:18 INFO watcher.py:39: Created file watcher for path C:\Users\kekan\.config\yasb
2025-04-18 20:12:18 INFO event_listener.py:53: Created named pipe yasb-aa31b0b3-1c80-11f0-b61b-c85acfdea0a2
2025-04-18 20:12:18 DEBUG _windows.py:213: Starting (proactor: <_IocpProactor overlapped#=0 result#=0>)...
2025-04-18 20:12:18 DEBUG _windows.py:192: Thread started
2025-04-18 20:12:18 INFO event_listener.py:125: Komorebi connected to named pipe: yasb-aa31b0b3-1c80-11f0-b61b-c85acfdea0a2
2025-04-18 20:13:16 ERROR github.py:410: HTTP Error occurred: 401 - {"message":"Bad credentials","documentation_url":"https://docs.github.com/rest","status":"401"}
2025-04-18 20:14:16 ERROR github.py:410: HTTP Error occurred: 401 - {"message":"Bad credentials","documentation_url":"https://docs.github.com/rest","status":"401"}
2025-04-18 20:15:16 ERROR github.py:410: HTTP Error occurred: 401 - {"message":"Bad credentials","documentation_url":"https://docs.github.com/rest","status":"401"}
2025-04-18 20:16:16 ERROR github.py:410: HTTP Error occurred: 401 - {"message":"Bad credentials","documentation_url":"https://docs.github.com/rest","status":"401"}
2025-04-18 20:17:16 ERROR github.py:410: HTTP Error occurred: 401 - {"message":"Bad credentials","documentation_url":"https://docs.github.com/rest","status":"401"}
2025-04-18 20:18:16 ERROR github.py:410: HTTP Error occurred: 401 - {"message":"Bad credentials","documentation_url":"https://docs.github.com/rest","status":"401"}
2025-04-18 20:18:33 INFO controller.py:12: Reloading Application because of config update...
2025-04-18 20:18:33 DEBUG _windows.py:218: Stopping worker thread...
2025-04-18 20:18:33 DEBUG _windows.py:201: Exiting thread
2025-04-18 20:18:33 DEBUG _windows.py:75: Closing
2025-04-18 20:18:33 INFO log.py:21: Yasb v1.6.9
2025-04-18 20:18:33 DEBUG win32.py:55: Looking up time zone info from registry
2025-04-18 20:18:34 INFO weather.py:369: Fetched new weather data at 2025-04-18 20:18:34.081941
2025-04-18 20:18:34 DEBUG __init__.py:149: CoInitializeEx(None, 2)
2025-04-18 20:18:35 INFO watcher.py:39: Created file watcher for path C:\Users\kekan\.config\yasb
2025-04-18 20:18:35 INFO event_listener.py:53: Created named pipe yasb-8b2d5987-1c81-11f0-a0b8-c85acfdea0a2
2025-04-18 20:18:36 DEBUG _windows.py:213: Starting (proactor: <_IocpProactor overlapped#=0 result#=0>)...
2025-04-18 20:18:36 DEBUG _windows.py:192: Thread started
2025-04-18 20:18:36 INFO event_listener.py:125: Komorebi connected to named pipe: yasb-8b2d5987-1c81-11f0-a0b8-c85acfdea0a2
2025-04-18 20:19:30 INFO controller.py:12: Reloading Application because of config update...
2025-04-18 20:19:30 DEBUG _windows.py:218: Stopping worker thread...
2025-04-18 20:19:30 DEBUG _windows.py:201: Exiting thread
2025-04-18 20:19:30 DEBUG _windows.py:75: Closing
2025-04-18 20:19:31 INFO log.py:21: Yasb v1.6.9
2025-04-18 20:19:31 DEBUG win32.py:55: Looking up time zone info from registry
2025-04-18 20:19:31 INFO weather.py:369: Fetched new weather data at 2025-04-18 20:19:31.269013
2025-04-18 20:19:31 DEBUG __init__.py:149: CoInitializeEx(None, 2)
2025-04-18 20:19:33 INFO watcher.py:39: Created file watcher for path C:\Users\kekan\.config\yasb
2025-04-18 20:19:33 INFO event_listener.py:53: Created named pipe yasb-ad38a13b-1c81-11f0-9996-c85acfdea0a2
2025-04-18 20:19:33 DEBUG _windows.py:213: Starting (proactor: <_IocpProactor overlapped#=0 result#=0>)...
2025-04-18 20:19:33 DEBUG _windows.py:192: Thread started
2025-04-18 20:19:33 INFO event_listener.py:125: Komorebi connected to named pipe: yasb-ad38a13b-1c81-11f0-9996-c85acfdea0a2
2025-04-18 20:20:04 INFO controller.py:12: Reloading Application because of config update...
2025-04-18 20:20:04 DEBUG _windows.py:218: Stopping worker thread...
2025-04-18 20:20:04 DEBUG _windows.py:201: Exiting thread
2025-04-18 20:20:04 DEBUG _windows.py:75: Closing
2025-04-18 20:20:04 INFO log.py:21: Yasb v1.6.9
2025-04-18 20:20:05 INFO weather.py:369: Fetched new weather data at 2025-04-18 20:20:05.150534
2025-04-18 20:20:05 DEBUG win32.py:55: Looking up time zone info from registry
2025-04-18 20:20:05 INFO weather.py:369: Fetched new weather data at 2025-04-18 20:20:05.274234
2025-04-18 20:20:05 DEBUG __init__.py:149: CoInitializeEx(None, 2)
2025-04-18 20:20:06 INFO watcher.py:39: Created file watcher for path C:\Users\kekan\.config\yasb
2025-04-18 20:20:06 INFO event_listener.py:53: Created named pipe yasb-c16aaf90-1c81-11f0-8867-c85acfdea0a2
2025-04-18 20:20:07 DEBUG _windows.py:213: Starting (proactor: <_IocpProactor overlapped#=0 result#=0>)...
2025-04-18 20:20:07 DEBUG _windows.py:192: Thread started
2025-04-18 20:20:07 INFO event_listener.py:125: Komorebi connected to named pipe: yasb-c16aaf90-1c81-11f0-8867-c85acfdea0a2
2025-04-18 20:20:19 INFO controller.py:12: Reloading Application because of config update...
2025-04-18 20:20:19 DEBUG _windows.py:218: Stopping worker thread...
2025-04-18 20:20:19 DEBUG _windows.py:201: Exiting thread
2025-04-18 20:20:19 DEBUG _windows.py:75: Closing
2025-04-18 20:20:20 INFO log.py:21: Yasb v1.6.9
2025-04-18 20:20:20 INFO weather.py:369: Fetched new weather data at 2025-04-18 20:20:20.377980
2025-04-18 20:20:20 DEBUG win32.py:55: Looking up time zone info from registry
2025-04-18 20:20:20 DEBUG __init__.py:149: CoInitializeEx(None, 2)
2025-04-18 20:20:22 INFO watcher.py:39: Created file watcher for path C:\Users\kekan\.config\yasb
2025-04-18 20:20:22 INFO event_listener.py:53: Created named pipe yasb-ca7f5156-1c81-11f0-9e25-c85acfdea0a2
2025-04-18 20:20:22 DEBUG _windows.py:213: Starting (proactor: <_IocpProactor overlapped#=0 result#=0>)...
2025-04-18 20:20:22 DEBUG _windows.py:192: Thread started
2025-04-18 20:20:22 INFO event_listener.py:125: Komorebi connected to named pipe: yasb-ca7f5156-1c81-11f0-9e25-c85acfdea0a2
2025-04-18 20:21:11 INFO controller.py:12: Reloading Application because of config update...
2025-04-18 20:21:11 DEBUG _windows.py:218: Stopping worker thread...
2025-04-18 20:21:11 DEBUG _windows.py:201: Exiting thread
2025-04-18 20:21:11 DEBUG _windows.py:75: Closing
2025-04-18 20:21:12 INFO log.py:21: Yasb v1.6.9
2025-04-18 20:21:12 DEBUG win32.py:55: Looking up time zone info from registry
2025-04-18 20:21:12 INFO weather.py:369: Fetched new weather data at 2025-04-18 20:21:12.868434
2025-04-18 20:21:12 DEBUG __init__.py:149: CoInitializeEx(None, 2)
2025-04-18 20:21:14 INFO watcher.py:39: Created file watcher for path C:\Users\kekan\.config\yasb
2025-04-18 20:21:14 INFO event_listener.py:53: Created named pipe yasb-e9b4e10f-1c81-11f0-9b0d-c85acfdea0a2
2025-04-18 20:21:14 DEBUG _windows.py:213: Starting (proactor: <_IocpProactor overlapped#=0 result#=0>)...
2025-04-18 20:21:14 DEBUG _windows.py:192: Thread started
2025-04-18 20:21:14 INFO event_listener.py:125: Komorebi connected to named pipe: yasb-e9b4e10f-1c81-11f0-9b0d-c85acfdea0a2
2025-04-18 20:21:58 ERROR config.py:118: The file 'C:\Users\kekan\.config\yasb\config.yaml' contains Parser Error(s). Please fix:
while parsing a flow sequence
  in "C:\Users\kekan\.config\yasb\config.yaml", line 47, column 14
expected ',' or ']', but got ':'
  in "C:\Users\kekan\.config\yasb\config.yaml", line 49, column 7
2025-04-18 20:31:12 INFO weather.py:369: Fetched new weather data at 2025-04-18 20:31:12.879053
2025-04-18 20:37:35 INFO controller.py:12: Reloading Application because of config update...
2025-04-18 20:37:35 DEBUG _windows.py:218: Stopping worker thread...
2025-04-18 20:37:35 DEBUG _windows.py:201: Exiting thread
2025-04-18 20:37:35 DEBUG _windows.py:75: Closing
2025-04-18 20:37:35 INFO log.py:21: Yasb v1.6.9
2025-04-18 20:37:35 INFO main.py:49: Debug mode enabled.
2025-04-18 20:37:35 INFO cli_server.py:47: CLI server started v1.0.9
2025-04-18 20:37:36 DEBUG win32.py:55: Looking up time zone info from registry
2025-04-18 20:37:37 INFO weather.py:369: Fetched new weather data at 2025-04-18 20:37:37.225328
2025-04-18 20:37:37 DEBUG __init__.py:149: CoInitializeEx(None, 2)
2025-04-18 20:37:37 INFO app_bar.py:105: Bar Created on Screen: \\.\DISPLAY1 [Bar Height: 36px, DPI Scale: 1.0, Scale Screen: False, Screen Geometry: X: 0, Y: 0, Screen Width: 1366, Screen Height: 768]
2025-04-18 20:37:43 ERROR widget_builder.py:88: Failed to validate widget(s) due to invalid options  - github
      menu_height:
      - unknown field
      menu_offset:
      - unknown field
      menu_width:
      - unknown field
      
2025-04-18 20:37:43 INFO event_listener.py:53: Created named pipe yasb-371ca681-1c84-11f0-a686-c85acfdea0a2
2025-04-18 20:37:43 INFO event_listener.py:108: Waiting for Komorebi to subscribe to named pipe yasb-371ca681-1c84-11f0-a686-c85acfdea0a2
2025-04-18 20:37:43 INFO event_listener.py:125: Komorebi connected to named pipe: yasb-371ca681-1c84-11f0-a686-c85acfdea0a2
2025-04-18 20:37:47 INFO watcher.py:39: Created file watcher for path C:\Users\kekan\.config\yasb
2025-04-18 20:37:48 DEBUG _windows.py:213: Starting (proactor: <_IocpProactor overlapped#=0 result#=0>)...
2025-04-18 20:37:48 DEBUG _windows.py:192: Thread started
2025-04-18 20:47:37 INFO weather.py:369: Fetched new weather data at 2025-04-18 20:47:37.218696
2025-04-18 20:49:19 INFO controller.py:12: Reloading Application because of config update...
2025-04-18 20:49:19 DEBUG cli_server.py:40: CLI server stopped
2025-04-18 20:49:19 DEBUG _windows.py:218: Stopping worker thread...
2025-04-18 20:49:19 DEBUG _windows.py:201: Exiting thread
2025-04-18 20:49:19 DEBUG _windows.py:75: Closing
2025-04-18 20:49:20 INFO log.py:21: Yasb v1.6.9
2025-04-18 20:49:20 INFO main.py:49: Debug mode enabled.
2025-04-18 20:49:20 INFO cli_server.py:47: CLI server started v1.0.9
2025-04-18 20:49:20 DEBUG win32.py:55: Looking up time zone info from registry
2025-04-18 20:49:21 INFO weather.py:369: Fetched new weather data at 2025-04-18 20:49:21.537660
2025-04-18 20:49:21 DEBUG __init__.py:149: CoInitializeEx(None, 2)
2025-04-18 20:49:21 INFO app_bar.py:105: Bar Created on Screen: \\.\DISPLAY1 [Bar Height: 36px, DPI Scale: 1.0, Scale Screen: False, Screen Geometry: X: 0, Y: 0, Screen Width: 1366, Screen Height: 768]
2025-04-18 20:49:27 ERROR widget_builder.py:88: Failed to validate widget(s) due to invalid options  - github
      menu_height:
      - unknown field
      menu_offset:
      - unknown field
      menu_width:
      - unknown field
      
2025-04-18 20:49:27 INFO event_listener.py:53: Created named pipe yasb-da9bdf02-1c85-11f0-8988-c85acfdea0a2
2025-04-18 20:49:27 INFO event_listener.py:108: Waiting for Komorebi to subscribe to named pipe yasb-da9bdf02-1c85-11f0-8988-c85acfdea0a2
2025-04-18 20:49:27 INFO event_listener.py:125: Komorebi connected to named pipe: yasb-da9bdf02-1c85-11f0-8988-c85acfdea0a2
2025-04-18 20:49:31 INFO watcher.py:39: Created file watcher for path C:\Users\kekan\.config\yasb
2025-04-18 20:49:31 DEBUG _windows.py:213: Starting (proactor: <_IocpProactor overlapped#=0 result#=0>)...
2025-04-18 20:49:31 DEBUG _windows.py:192: Thread started
2025-04-18 20:55:53 INFO controller.py:12: Reloading Application because of config update...
2025-04-18 20:55:53 DEBUG cli_server.py:40: CLI server stopped
2025-04-18 20:55:53 DEBUG _windows.py:218: Stopping worker thread...
2025-04-18 20:55:53 DEBUG _windows.py:201: Exiting thread
2025-04-18 20:55:53 DEBUG _windows.py:75: Closing
2025-04-18 20:55:54 INFO log.py:21: Yasb v1.6.9
2025-04-18 20:55:54 INFO main.py:49: Debug mode enabled.
2025-04-18 20:55:54 INFO cli_server.py:47: CLI server started v1.0.9
2025-04-18 20:55:54 DEBUG win32.py:55: Looking up time zone info from registry
2025-04-18 20:55:54 INFO weather.py:369: Fetched new weather data at 2025-04-18 20:55:54.914931
2025-04-18 20:55:54 WARNING widget_builder.py:38: No widget config could be found for widget 'microphone
2025-04-18 20:55:54 DEBUG __init__.py:149: CoInitializeEx(None, 2)
2025-04-18 20:55:55 INFO app_bar.py:105: Bar Created on Screen: \\.\DISPLAY1 [Bar Height: 36px, DPI Scale: 1.0, Scale Screen: False, Screen Geometry: X: 0, Y: 0, Screen Width: 1366, Screen Height: 768]
2025-04-18 20:56:00 ERROR widget_builder.py:77: Failed to add undefined widget(s)  - The widget "microphone" is undefined.
2025-04-18 20:56:00 INFO event_listener.py:53: Created named pipe yasb-c4f81753-1c86-11f0-a5be-c85acfdea0a2
2025-04-18 20:56:00 INFO event_listener.py:108: Waiting for Komorebi to subscribe to named pipe yasb-c4f81753-1c86-11f0-a5be-c85acfdea0a2
2025-04-18 20:56:00 INFO event_listener.py:125: Komorebi connected to named pipe: yasb-c4f81753-1c86-11f0-a5be-c85acfdea0a2
2025-04-18 20:56:05 INFO watcher.py:39: Created file watcher for path C:\Users\kekan\.config\yasb
2025-04-18 20:56:05 DEBUG _windows.py:213: Starting (proactor: <_IocpProactor overlapped#=0 result#=0>)...
2025-04-18 20:56:05 DEBUG _windows.py:192: Thread started
2025-04-18 20:57:13 INFO controller.py:12: Reloading Application because of config update...
2025-04-18 20:57:13 DEBUG cli_server.py:40: CLI server stopped
2025-04-18 20:57:13 DEBUG _windows.py:218: Stopping worker thread...
2025-04-18 20:57:13 DEBUG _windows.py:201: Exiting thread
2025-04-18 20:57:13 DEBUG _windows.py:75: Closing
2025-04-18 20:57:14 INFO log.py:21: Yasb v1.6.9
2025-04-18 20:57:14 INFO main.py:49: Debug mode enabled.
2025-04-18 20:57:14 INFO cli_server.py:47: CLI server started v1.0.9
2025-04-18 20:57:14 DEBUG win32.py:55: Looking up time zone info from registry
2025-04-18 20:57:14 INFO weather.py:369: Fetched new weather data at 2025-04-18 20:57:14.975798
2025-04-18 20:57:15 DEBUG __init__.py:149: CoInitializeEx(None, 2)
2025-04-18 20:57:15 INFO app_bar.py:105: Bar Created on Screen: \\.\DISPLAY1 [Bar Height: 36px, DPI Scale: 1.0, Scale Screen: False, Screen Geometry: X: 0, Y: 0, Screen Width: 1366, Screen Height: 768]
2025-04-18 20:57:17 INFO watcher.py:39: Created file watcher for path C:\Users\kekan\.config\yasb
2025-04-18 20:57:17 INFO event_listener.py:53: Created named pipe yasb-f2a96109-1c86-11f0-b152-c85acfdea0a2
2025-04-18 20:57:17 INFO event_listener.py:108: Waiting for Komorebi to subscribe to named pipe yasb-f2a96109-1c86-11f0-b152-c85acfdea0a2
2025-04-18 20:57:17 DEBUG _windows.py:213: Starting (proactor: <_IocpProactor overlapped#=0 result#=0>)...
2025-04-18 20:57:17 DEBUG _windows.py:192: Thread started
2025-04-18 20:57:17 INFO event_listener.py:125: Komorebi connected to named pipe: yasb-f2a96109-1c86-11f0-b152-c85acfdea0a2
2025-04-18 20:57:51 INFO controller.py:12: Reloading Application because of config update...
2025-04-18 20:57:51 DEBUG cli_server.py:40: CLI server stopped
2025-04-18 20:57:51 DEBUG _windows.py:218: Stopping worker thread...
2025-04-18 20:57:51 DEBUG _windows.py:201: Exiting thread
2025-04-18 20:57:51 DEBUG _windows.py:75: Closing
2025-04-18 20:57:52 INFO log.py:21: Yasb v1.6.9
2025-04-18 20:57:52 INFO main.py:49: Debug mode enabled.
2025-04-18 20:57:52 INFO cli_server.py:47: CLI server started v1.0.9
2025-04-18 20:57:52 DEBUG win32.py:55: Looking up time zone info from registry
2025-04-18 20:57:52 INFO weather.py:369: Fetched new weather data at 2025-04-18 20:57:52.852080
2025-04-18 20:57:52 DEBUG __init__.py:149: CoInitializeEx(None, 2)
2025-04-18 20:57:53 INFO app_bar.py:105: Bar Created on Screen: \\.\DISPLAY1 [Bar Height: 36px, DPI Scale: 1.0, Scale Screen: False, Screen Geometry: X: 0, Y: 0, Screen Width: 1366, Screen Height: 768]
2025-04-18 20:57:54 INFO watcher.py:39: Created file watcher for path C:\Users\kekan\.config\yasb
2025-04-18 20:57:54 INFO event_listener.py:53: Created named pipe yasb-09354614-1c87-11f0-94ac-c85acfdea0a2
2025-04-18 20:57:54 INFO event_listener.py:108: Waiting for Komorebi to subscribe to named pipe yasb-09354614-1c87-11f0-94ac-c85acfdea0a2
2025-04-18 20:57:55 DEBUG _windows.py:213: Starting (proactor: <_IocpProactor overlapped#=0 result#=0>)...
2025-04-18 20:57:55 DEBUG _windows.py:192: Thread started
2025-04-18 20:57:55 INFO event_listener.py:125: Komorebi connected to named pipe: yasb-09354614-1c87-11f0-94ac-c85acfdea0a2
2025-04-18 20:58:10 INFO controller.py:12: Reloading Application because of config update...
2025-04-18 20:58:10 DEBUG cli_server.py:40: CLI server stopped
2025-04-18 20:58:10 DEBUG _windows.py:218: Stopping worker thread...
2025-04-18 20:58:10 DEBUG _windows.py:201: Exiting thread
2025-04-18 20:58:10 DEBUG _windows.py:75: Closing
2025-04-18 20:58:11 INFO log.py:21: Yasb v1.6.9
2025-04-18 20:58:11 INFO main.py:49: Debug mode enabled.
2025-04-18 20:58:11 INFO cli_server.py:47: CLI server started v1.0.9
2025-04-18 20:58:11 DEBUG win32.py:55: Looking up time zone info from registry
2025-04-18 20:58:11 INFO weather.py:369: Fetched new weather data at 2025-04-18 20:58:11.441676
2025-04-18 20:58:11 DEBUG __init__.py:149: CoInitializeEx(None, 2)
2025-04-18 20:58:11 INFO app_bar.py:105: Bar Created on Screen: \\.\DISPLAY1 [Bar Height: 36px, DPI Scale: 1.0, Scale Screen: False, Screen Geometry: X: 0, Y: 0, Screen Width: 1366, Screen Height: 768]
2025-04-18 20:58:13 INFO watcher.py:39: Created file watcher for path C:\Users\kekan\.config\yasb
2025-04-18 20:58:13 INFO event_listener.py:53: Created named pipe yasb-14494f14-1c87-11f0-b6a4-c85acfdea0a2
2025-04-18 20:58:13 INFO event_listener.py:108: Waiting for Komorebi to subscribe to named pipe yasb-14494f14-1c87-11f0-b6a4-c85acfdea0a2
2025-04-18 20:58:13 DEBUG _windows.py:213: Starting (proactor: <_IocpProactor overlapped#=0 result#=0>)...
2025-04-18 20:58:13 DEBUG _windows.py:192: Thread started
2025-04-18 20:58:13 INFO event_listener.py:125: Komorebi connected to named pipe: yasb-14494f14-1c87-11f0-b6a4-c85acfdea0a2
2025-04-18 20:58:23 INFO controller.py:12: Reloading Application because of config update...
2025-04-18 20:58:23 DEBUG cli_server.py:40: CLI server stopped
2025-04-18 20:58:23 DEBUG _windows.py:218: Stopping worker thread...
2025-04-18 20:58:23 DEBUG _windows.py:201: Exiting thread
2025-04-18 20:58:23 DEBUG _windows.py:75: Closing
2025-04-18 20:58:24 INFO log.py:21: Yasb v1.6.9
2025-04-18 20:58:24 INFO main.py:49: Debug mode enabled.
2025-04-18 20:58:24 INFO cli_server.py:47: CLI server started v1.0.9
2025-04-18 20:58:24 DEBUG win32.py:55: Looking up time zone info from registry
2025-04-18 20:58:25 INFO weather.py:369: Fetched new weather data at 2025-04-18 20:58:25.006019
2025-04-18 20:58:25 DEBUG __init__.py:149: CoInitializeEx(None, 2)
2025-04-18 20:58:25 INFO app_bar.py:105: Bar Created on Screen: \\.\DISPLAY1 [Bar Height: 36px, DPI Scale: 1.0, Scale Screen: False, Screen Geometry: X: 0, Y: 0, Screen Width: 1366, Screen Height: 768]
2025-04-18 20:58:33 INFO watcher.py:39: Created file watcher for path C:\Users\kekan\.config\yasb
2025-04-18 20:58:33 INFO event_listener.py:53: Created named pipe yasb-1ff67e72-1c87-11f0-ada8-c85acfdea0a2
2025-04-18 20:58:33 INFO event_listener.py:108: Waiting for Komorebi to subscribe to named pipe yasb-1ff67e72-1c87-11f0-ada8-c85acfdea0a2
2025-04-18 20:58:33 DEBUG _windows.py:213: Starting (proactor: <_IocpProactor overlapped#=0 result#=0>)...
2025-04-18 20:58:33 DEBUG _windows.py:192: Thread started
2025-04-18 20:58:33 INFO event_listener.py:125: Komorebi connected to named pipe: yasb-1ff67e72-1c87-11f0-ada8-c85acfdea0a2
2025-04-18 20:58:42 INFO controller.py:12: Reloading Application because of config update...
2025-04-18 20:58:42 DEBUG cli_server.py:40: CLI server stopped
2025-04-18 20:58:42 DEBUG _windows.py:218: Stopping worker thread...
2025-04-18 20:58:42 DEBUG _windows.py:201: Exiting thread
2025-04-18 20:58:42 DEBUG _windows.py:75: Closing
2025-04-18 20:58:43 INFO log.py:21: Yasb v1.6.9
2025-04-18 20:58:43 INFO main.py:49: Debug mode enabled.
2025-04-18 20:58:43 INFO cli_server.py:47: CLI server started v1.0.9
2025-04-18 20:58:43 DEBUG win32.py:55: Looking up time zone info from registry
2025-04-18 20:58:43 INFO weather.py:369: Fetched new weather data at 2025-04-18 20:58:43.684420
2025-04-18 20:58:43 DEBUG __init__.py:149: CoInitializeEx(None, 2)
2025-04-18 20:58:43 INFO app_bar.py:105: Bar Created on Screen: \\.\DISPLAY1 [Bar Height: 36px, DPI Scale: 1.0, Scale Screen: False, Screen Geometry: X: 0, Y: 0, Screen Width: 1366, Screen Height: 768]
2025-04-18 20:58:46 INFO watcher.py:39: Created file watcher for path C:\Users\kekan\.config\yasb
2025-04-18 20:58:46 INFO event_listener.py:53: Created named pipe yasb-27c5aacd-1c87-11f0-8a5f-c85acfdea0a2
2025-04-18 20:58:46 INFO event_listener.py:108: Waiting for Komorebi to subscribe to named pipe yasb-27c5aacd-1c87-11f0-8a5f-c85acfdea0a2
2025-04-18 20:58:46 DEBUG _windows.py:213: Starting (proactor: <_IocpProactor overlapped#=0 result#=0>)...
2025-04-18 20:58:46 DEBUG _windows.py:192: Thread started
2025-04-18 20:58:46 INFO event_listener.py:125: Komorebi connected to named pipe: yasb-27c5aacd-1c87-11f0-8a5f-c85acfdea0a2
2025-04-18 20:58:56 INFO controller.py:12: Reloading Application because of config update...
2025-04-18 20:58:56 DEBUG cli_server.py:40: CLI server stopped
2025-04-18 20:58:56 DEBUG _windows.py:218: Stopping worker thread...
2025-04-18 20:58:56 DEBUG _windows.py:201: Exiting thread
2025-04-18 20:58:56 DEBUG _windows.py:75: Closing
2025-04-18 20:58:57 INFO log.py:21: Yasb v1.6.9
2025-04-18 20:58:57 INFO main.py:49: Debug mode enabled.
2025-04-18 20:58:57 INFO cli_server.py:47: CLI server started v1.0.9
2025-04-18 20:58:57 DEBUG win32.py:55: Looking up time zone info from registry
2025-04-18 20:58:58 INFO weather.py:369: Fetched new weather data at 2025-04-18 20:58:58.171291
2025-04-18 20:58:58 DEBUG __init__.py:149: CoInitializeEx(None, 2)
2025-04-18 20:58:58 INFO app_bar.py:105: Bar Created on Screen: \\.\DISPLAY1 [Bar Height: 36px, DPI Scale: 1.0, Scale Screen: False, Screen Geometry: X: 0, Y: 0, Screen Width: 1366, Screen Height: 768]
2025-04-18 20:59:01 INFO watcher.py:39: Created file watcher for path C:\Users\kekan\.config\yasb
2025-04-18 20:59:01 INFO event_listener.py:53: Created named pipe yasb-30b44b06-1c87-11f0-8c2b-c85acfdea0a2
2025-04-18 20:59:01 INFO event_listener.py:108: Waiting for Komorebi to subscribe to named pipe yasb-30b44b06-1c87-11f0-8c2b-c85acfdea0a2
2025-04-18 20:59:01 DEBUG _windows.py:213: Starting (proactor: <_IocpProactor overlapped#=0 result#=0>)...
2025-04-18 20:59:01 DEBUG _windows.py:192: Thread started
2025-04-18 20:59:01 INFO event_listener.py:125: Komorebi connected to named pipe: yasb-30b44b06-1c87-11f0-8c2b-c85acfdea0a2
2025-04-18 20:59:05 INFO controller.py:12: Reloading Application because of config update...
2025-04-18 20:59:05 DEBUG cli_server.py:40: CLI server stopped
2025-04-18 20:59:05 DEBUG _windows.py:218: Stopping worker thread...
2025-04-18 20:59:05 DEBUG _windows.py:201: Exiting thread
2025-04-18 20:59:05 DEBUG _windows.py:75: Closing
2025-04-18 20:59:06 INFO log.py:21: Yasb v1.6.9
2025-04-18 20:59:06 INFO main.py:49: Debug mode enabled.
2025-04-18 20:59:06 INFO cli_server.py:47: CLI server started v1.0.9
2025-04-18 20:59:06 DEBUG win32.py:55: Looking up time zone info from registry
2025-04-18 20:59:06 INFO weather.py:369: Fetched new weather data at 2025-04-18 20:59:06.432938
2025-04-18 20:59:06 DEBUG __init__.py:149: CoInitializeEx(None, 2)
2025-04-18 20:59:06 INFO app_bar.py:105: Bar Created on Screen: \\.\DISPLAY1 [Bar Height: 36px, DPI Scale: 1.0, Scale Screen: False, Screen Geometry: X: 0, Y: 0, Screen Width: 1366, Screen Height: 768]
2025-04-18 20:59:08 INFO watcher.py:39: Created file watcher for path C:\Users\kekan\.config\yasb
2025-04-18 20:59:08 INFO event_listener.py:53: Created named pipe yasb-3517ea15-1c87-11f0-a5aa-c85acfdea0a2
2025-04-18 20:59:08 INFO event_listener.py:108: Waiting for Komorebi to subscribe to named pipe yasb-3517ea15-1c87-11f0-a5aa-c85acfdea0a2
2025-04-18 20:59:08 DEBUG _windows.py:213: Starting (proactor: <_IocpProactor overlapped#=0 result#=0>)...
2025-04-18 20:59:08 DEBUG _windows.py:192: Thread started
2025-04-18 20:59:08 INFO event_listener.py:125: Komorebi connected to named pipe: yasb-3517ea15-1c87-11f0-a5aa-c85acfdea0a2
2025-04-18 20:59:15 INFO controller.py:12: Reloading Application because of config update...
2025-04-18 20:59:15 DEBUG cli_server.py:40: CLI server stopped
2025-04-18 20:59:15 DEBUG _windows.py:218: Stopping worker thread...
2025-04-18 20:59:15 DEBUG _windows.py:201: Exiting thread
2025-04-18 20:59:15 DEBUG _windows.py:75: Closing
2025-04-18 20:59:16 INFO log.py:21: Yasb v1.6.9
2025-04-18 20:59:16 INFO main.py:49: Debug mode enabled.
2025-04-18 20:59:16 INFO cli_server.py:47: CLI server started v1.0.9
2025-04-18 20:59:16 DEBUG win32.py:55: Looking up time zone info from registry
2025-04-18 20:59:16 INFO weather.py:369: Fetched new weather data at 2025-04-18 20:59:16.622065
2025-04-18 20:59:16 DEBUG __init__.py:149: CoInitializeEx(None, 2)
2025-04-18 20:59:16 INFO app_bar.py:105: Bar Created on Screen: \\.\DISPLAY1 [Bar Height: 36px, DPI Scale: 1.0, Scale Screen: False, Screen Geometry: X: 0, Y: 0, Screen Width: 1366, Screen Height: 768]
2025-04-18 20:59:18 INFO watcher.py:39: Created file watcher for path C:\Users\kekan\.config\yasb
2025-04-18 20:59:18 INFO event_listener.py:53: Created named pipe yasb-3b272822-1c87-11f0-b3d8-c85acfdea0a2
2025-04-18 20:59:18 INFO event_listener.py:108: Waiting for Komorebi to subscribe to named pipe yasb-3b272822-1c87-11f0-b3d8-c85acfdea0a2
2025-04-18 20:59:18 DEBUG _windows.py:213: Starting (proactor: <_IocpProactor overlapped#=0 result#=0>)...
2025-04-18 20:59:18 DEBUG _windows.py:192: Thread started
2025-04-18 20:59:18 INFO event_listener.py:125: Komorebi connected to named pipe: yasb-3b272822-1c87-11f0-b3d8-c85acfdea0a2
2025-04-18 20:59:22 INFO controller.py:12: Reloading Application because of config update...
2025-04-18 20:59:22 DEBUG cli_server.py:40: CLI server stopped
2025-04-18 20:59:23 DEBUG _windows.py:218: Stopping worker thread...
2025-04-18 20:59:23 DEBUG _windows.py:201: Exiting thread
2025-04-18 20:59:23 DEBUG _windows.py:75: Closing
2025-04-18 20:59:23 INFO log.py:21: Yasb v1.6.9
2025-04-18 20:59:23 INFO main.py:49: Debug mode enabled.
2025-04-18 20:59:23 INFO cli_server.py:47: CLI server started v1.0.9
2025-04-18 20:59:23 DEBUG win32.py:55: Looking up time zone info from registry
2025-04-18 20:59:24 INFO weather.py:369: Fetched new weather data at 2025-04-18 20:59:24.004484
2025-04-18 20:59:24 DEBUG __init__.py:149: CoInitializeEx(None, 2)
2025-04-18 20:59:24 INFO app_bar.py:105: Bar Created on Screen: \\.\DISPLAY1 [Bar Height: 36px, DPI Scale: 1.0, Scale Screen: False, Screen Geometry: X: 0, Y: 0, Screen Width: 1366, Screen Height: 768]
2025-04-18 20:59:26 INFO watcher.py:39: Created file watcher for path C:\Users\kekan\.config\yasb
2025-04-18 20:59:26 INFO event_listener.py:53: Created named pipe yasb-3f88c4f2-1c87-11f0-aa99-c85acfdea0a2
2025-04-18 20:59:26 INFO event_listener.py:108: Waiting for Komorebi to subscribe to named pipe yasb-3f88c4f2-1c87-11f0-aa99-c85acfdea0a2
2025-04-18 20:59:26 DEBUG _windows.py:213: Starting (proactor: <_IocpProactor overlapped#=0 result#=0>)...
2025-04-18 20:59:26 DEBUG _windows.py:192: Thread started
2025-04-18 20:59:26 INFO event_listener.py:125: Komorebi connected to named pipe: yasb-3f88c4f2-1c87-11f0-aa99-c85acfdea0a2
2025-04-18 21:00:50 INFO controller.py:12: Reloading Application because of config update...
2025-04-18 21:00:50 DEBUG cli_server.py:40: CLI server stopped
2025-04-18 21:00:50 DEBUG _windows.py:218: Stopping worker thread...
2025-04-18 21:00:50 DEBUG _windows.py:201: Exiting thread
2025-04-18 21:00:50 DEBUG _windows.py:75: Closing
2025-04-18 21:00:51 INFO log.py:21: Yasb v1.6.9
2025-04-18 21:00:51 INFO main.py:49: Debug mode enabled.
2025-04-18 21:00:51 INFO cli_server.py:47: CLI server started v1.0.9
2025-04-18 21:00:51 DEBUG win32.py:55: Looking up time zone info from registry
2025-04-18 21:00:52 INFO weather.py:369: Fetched new weather data at 2025-04-18 21:00:52.007213
2025-04-18 21:00:52 DEBUG __init__.py:149: CoInitializeEx(None, 2)
2025-04-18 21:00:52 INFO app_bar.py:105: Bar Created on Screen: \\.\DISPLAY1 [Bar Height: 36px, DPI Scale: 1.0, Scale Screen: False, Screen Geometry: X: 0, Y: 0, Screen Width: 1366, Screen Height: 768]
2025-04-18 21:00:54 INFO watcher.py:39: Created file watcher for path C:\Users\kekan\.config\yasb
2025-04-18 21:00:54 INFO event_listener.py:53: Created named pipe yasb-740a49e8-1c87-11f0-9de0-c85acfdea0a2
2025-04-18 21:00:54 INFO event_listener.py:108: Waiting for Komorebi to subscribe to named pipe yasb-740a49e8-1c87-11f0-9de0-c85acfdea0a2
2025-04-18 21:00:54 DEBUG _windows.py:213: Starting (proactor: <_IocpProactor overlapped#=0 result#=0>)...
2025-04-18 21:00:54 DEBUG _windows.py:192: Thread started
2025-04-18 21:00:54 INFO event_listener.py:125: Komorebi connected to named pipe: yasb-740a49e8-1c87-11f0-9de0-c85acfdea0a2
2025-04-18 21:09:10 INFO controller.py:12: Reloading Application because of config update...
2025-04-18 21:09:10 DEBUG cli_server.py:40: CLI server stopped
2025-04-18 21:09:10 DEBUG _windows.py:218: Stopping worker thread...
2025-04-18 21:09:11 DEBUG _windows.py:201: Exiting thread
2025-04-18 21:09:11 DEBUG _windows.py:75: Closing
2025-04-18 21:09:11 INFO log.py:21: Yasb v1.6.9
2025-04-18 21:09:11 INFO main.py:49: Debug mode enabled.
2025-04-18 21:09:11 INFO cli_server.py:47: CLI server started v1.0.9
2025-04-18 21:09:11 DEBUG win32.py:55: Looking up time zone info from registry
2025-04-18 21:09:11 INFO weather.py:369: Fetched new weather data at 2025-04-18 21:09:11.990160
2025-04-18 21:09:12 DEBUG __init__.py:149: CoInitializeEx(None, 2)
2025-04-18 21:09:12 INFO app_bar.py:105: Bar Created on Screen: \\.\DISPLAY1 [Bar Height: 36px, DPI Scale: 1.0, Scale Screen: False, Screen Geometry: X: 0, Y: 0, Screen Width: 1366, Screen Height: 768]
2025-04-18 21:09:14 INFO watcher.py:39: Created file watcher for path C:\Users\kekan\.config\yasb
2025-04-18 21:09:14 INFO event_listener.py:53: Created named pipe yasb-9e0d30a8-1c88-11f0-8ebb-c85acfdea0a2
2025-04-18 21:09:14 INFO event_listener.py:108: Waiting for Komorebi to subscribe to named pipe yasb-9e0d30a8-1c88-11f0-8ebb-c85acfdea0a2
2025-04-18 21:09:14 DEBUG _windows.py:213: Starting (proactor: <_IocpProactor overlapped#=0 result#=0>)...
2025-04-18 21:09:14 DEBUG _windows.py:192: Thread started
2025-04-18 21:09:14 INFO event_listener.py:125: Komorebi connected to named pipe: yasb-9e0d30a8-1c88-11f0-8ebb-c85acfdea0a2
2025-04-18 21:11:32 INFO controller.py:12: Reloading Application because of config update...
2025-04-18 21:11:32 DEBUG cli_server.py:40: CLI server stopped
2025-04-18 21:11:32 DEBUG _windows.py:218: Stopping worker thread...
2025-04-18 21:11:32 DEBUG _windows.py:201: Exiting thread
2025-04-18 21:11:32 DEBUG _windows.py:75: Closing
2025-04-18 21:11:33 INFO log.py:21: Yasb v1.6.9
2025-04-18 21:11:33 INFO main.py:49: Debug mode enabled.
2025-04-18 21:11:33 INFO cli_server.py:47: CLI server started v1.0.9
2025-04-18 21:11:33 DEBUG win32.py:55: Looking up time zone info from registry
2025-04-18 21:11:33 INFO weather.py:369: Fetched new weather data at 2025-04-18 21:11:33.641801
2025-04-18 21:11:33 DEBUG __init__.py:149: CoInitializeEx(None, 2)
2025-04-18 21:11:33 INFO app_bar.py:105: Bar Created on Screen: \\.\DISPLAY1 [Bar Height: 36px, DPI Scale: 1.0, Scale Screen: False, Screen Geometry: X: 0, Y: 0, Screen Width: 1366, Screen Height: 768]
2025-04-18 21:11:35 INFO watcher.py:39: Created file watcher for path C:\Users\kekan\.config\yasb
2025-04-18 21:11:35 INFO event_listener.py:53: Created named pipe yasb-f2757c1f-1c88-11f0-8865-c85acfdea0a2
2025-04-18 21:11:35 INFO event_listener.py:108: Waiting for Komorebi to subscribe to named pipe yasb-f2757c1f-1c88-11f0-8865-c85acfdea0a2
2025-04-18 21:11:35 DEBUG _windows.py:213: Starting (proactor: <_IocpProactor overlapped#=0 result#=0>)...
2025-04-18 21:11:35 DEBUG _windows.py:192: Thread started
2025-04-18 21:11:35 INFO event_listener.py:125: Komorebi connected to named pipe: yasb-f2757c1f-1c88-11f0-8865-c85acfdea0a2
2025-04-18 21:21:34 INFO weather.py:369: Fetched new weather data at 2025-04-18 21:21:34.038973
2025-04-18 21:31:33 INFO weather.py:369: Fetched new weather data at 2025-04-18 21:31:33.643230
2025-04-18 21:35:45 WARNING event_listener.py:84: Pipe has been ended: (109, 'PeekNamedPipe', 'The pipe has been ended.')
2025-04-18 21:35:45 INFO event_listener.py:94: Attempting to reconnect to Komorebi...
